[ 2018-08-14T09:01:10+08:00 ] 127.0.0.1 /new-cup/
INFO: [ app_init ] --START--
INFO: Run Behavior\BuildLiteBehavior [ RunTime:0.000017s ]
INFO: [ app_init ] --END-- [ RunTime:0.003839s ]
INFO: [ app_begin ] --START--
INFO: Run Behavior\ReadHtmlCacheBehavior [ RunTime:0.001725s ]
INFO: [ app_begin ] --END-- [ RunTime:0.001785s ]
INFO: [ view_parse ] --START--
INFO: [ template_filter ] --START--
INFO: Run Behavior\ContentReplaceBehavior [ RunTime:0.002039s ]
INFO: [ template_filter ] --END-- [ RunTime:0.002193s ]
INFO: Run Behavior\ParseTemplateBehavior [ RunTime:0.031616s ]
INFO: [ view_parse ] --END-- [ RunTime:0.031675s ]
INFO: [ view_filter ] --START--
INFO: Run Behavior\WriteHtmlCacheBehavior [ RunTime:0.002045s ]
INFO: [ view_filter ] --END-- [ RunTime:0.002091s ]
INFO: [ app_end ] --START--
INFO: Run Behavior\ShowPageTraceBehavior [ RunTime:0.001871s ]
INFO: [ app_end ] --END-- [ RunTime:0.001914s ]

[ 2018-08-14T09:04:08+08:00 ] 127.0.0.1 /new-cup/index.php/Home/Goods/product.html
INFO: [ app_init ] --START--
INFO: Run Behavior\BuildLiteBehavior [ RunTime:0.000014s ]
INFO: [ app_init ] --END-- [ RunTime:0.001193s ]
INFO: [ app_begin ] --START--
INFO: Run Behavior\ReadHtmlCacheBehavior [ RunTime:0.001299s ]
INFO: [ app_begin ] --END-- [ RunTime:0.001356s ]
SQL: SHOW COLUMNS FROM `five_goods` [ RunTime:0.0243s ]
SQL: SELECT five_goods.goods_id,`goods_name`,five_brand.brand_id,`brand_name`,`brand_url`,five_type.type_name,five_goods_detailed.goods_stock,`is_discont`,`goods_original`,`goods_price`,`goods_cover`,`goods_status`,`goods_sale`,`goods_keywords` FROM `five_goods` INNER JOIN five_brand on five_goods.brand_id=five_brand.brand_id INNER JOIN five_type on five_goods.type_id=five_type.type_id INNER JOIN five_goods_detailed on five_goods.goods_id=five_goods_detailed.goods_id  WHERE ( goods_status = '2' )  [ RunTime:0.0155s ]
NOTIC: [2] fopen(http://www.cup1.com/Public/Uploads/2018-08-02/5b62f7487e099.jpg): failed to open stream: Redirection limit reached, aborting D:\phpStudy\PHPTutorial\WWW\new-cup\Application\Home\Controller\GoodsController.class.php 第 142 行.

[ 2018-08-14T09:04:08+08:00 ] 127.0.0.1 /new-cup/index.php/Home/Index/blog_list.html
INFO: [ app_init ] --START--
INFO: Run Behavior\BuildLiteBehavior [ RunTime:0.000018s ]
INFO: [ app_init ] --END-- [ RunTime:0.001527s ]
INFO: [ app_begin ] --START--
INFO: Run Behavior\ReadHtmlCacheBehavior [ RunTime:0.001893s ]
INFO: [ app_begin ] --END-- [ RunTime:0.001958s ]

