[ 2018-08-24T07:21:15+08:00 ] 127.0.0.1 /index.php/Home/Goods/product.html
INFO: [ app_init ] --START--
INFO: Run Behavior\BuildLiteBehavior [ RunTime:0.000025s ]
INFO: [ app_init ] --END-- [ RunTime:0.000549s ]
INFO: [ app_begin ] --START--
INFO: Run Behavior\ReadHtmlCacheBehavior [ RunTime:0.001013s ]
INFO: [ app_begin ] --END-- [ RunTime:0.001076s ]
NOTIC: [8] A session had already been started - ignoring session_start() D:\phpStudy\WWW\new\new-cup\ThinkPHP\Common\functions.php 第 1263 行.
SQL: SHOW COLUMNS FROM `five_goods` [ RunTime:0.0210s ]
SQL: SELECT five_goods.goods_id,`goods_name`,five_goods_detailed.goods_price,`goods_cover` FROM `five_goods` INNER JOIN five_goods_detailed on five_goods.goods_id=five_goods_detailed.goods_id  WHERE ( goods_status = '2' )  [ RunTime:0.0031s ]
SQL: SHOW COLUMNS FROM `five_brand` [ RunTime:0.0213s ]
SQL: SELECT * FROM `five_brand`  [ RunTime:0.0024s ]
SQL: SHOW COLUMNS FROM `five_type` [ RunTime:0.0210s ]
SQL: SELECT * FROM `five_type`  [ RunTime:0.0020s ]
INFO: [ view_parse ] --START--
INFO: [ template_filter ] --START--
INFO: Run Behavior\ContentReplaceBehavior [ RunTime:0.000096s ]
INFO: [ template_filter ] --END-- [ RunTime:0.000141s ]
INFO: Run Behavior\ParseTemplateBehavior [ RunTime:0.019995s ]
INFO: [ view_parse ] --END-- [ RunTime:0.020075s ]
INFO: [ view_filter ] --START--
INFO: Run Behavior\WriteHtmlCacheBehavior [ RunTime:0.000817s ]
INFO: [ view_filter ] --END-- [ RunTime:0.000871s ]
INFO: [ app_end ] --START--
INFO: Run Behavior\ShowPageTraceBehavior [ RunTime:0.001709s ]
INFO: [ app_end ] --END-- [ RunTime:0.001799s ]

[ 2018-08-24T08:26:31+08:00 ] 127.0.0.1 /index.php/Home/Index/index.html
INFO: [ app_init ] --START--
INFO: Run Behavior\BuildLiteBehavior [ RunTime:0.000017s ]
INFO: [ app_init ] --END-- [ RunTime:0.000281s ]
INFO: [ app_begin ] --START--
INFO: Run Behavior\ReadHtmlCacheBehavior [ RunTime:0.000781s ]
INFO: [ app_begin ] --END-- [ RunTime:0.000853s ]
NOTIC: [8] A session had already been started - ignoring session_start() D:\phpStudy\WWW\new\new-cup\ThinkPHP\Common\functions.php 第 1263 行.
SQL: SHOW COLUMNS FROM `five_goods` [ RunTime:0.0192s ]
SQL: SELECT five_goods.goods_id,`goods_name`,five_goods_detailed.goods_price,`goods_cover` FROM `five_goods` INNER JOIN five_goods_detailed on five_goods.goods_id = five_goods_detailed.goods_id  WHERE ( goods_status = '2' and is_hot = '1' )  [ RunTime:0.0022s ]
NOTIC: [8] Undefined variable: typedata D:\phpStudy\WWW\new\new-cup\Application\Home\Controller\IndexController.class.php 第 20 行.
INFO: [ view_parse ] --START--
INFO: [ template_filter ] --START--
INFO: Run Behavior\ContentReplaceBehavior [ RunTime:0.000071s ]
INFO: [ template_filter ] --END-- [ RunTime:0.000111s ]
INFO: Run Behavior\ParseTemplateBehavior [ RunTime:0.012460s ]
INFO: [ view_parse ] --END-- [ RunTime:0.012523s ]
INFO: [ view_filter ] --START--
INFO: Run Behavior\WriteHtmlCacheBehavior [ RunTime:0.000632s ]
INFO: [ view_filter ] --END-- [ RunTime:0.000679s ]
INFO: [ app_end ] --START--
INFO: Run Behavior\ShowPageTraceBehavior [ RunTime:0.000873s ]
INFO: [ app_end ] --END-- [ RunTime:0.000986s ]

[ 2018-08-24T12:09:55+08:00 ] 127.0.0.1 /index.php/Home/User/personal.html
INFO: [ app_init ] --START--
INFO: Run Behavior\BuildLiteBehavior [ RunTime:0.000015s ]
INFO: [ app_init ] --END-- [ RunTime:0.000356s ]
INFO: [ app_begin ] --START--
INFO: Run Behavior\ReadHtmlCacheBehavior [ RunTime:0.000595s ]
INFO: [ app_begin ] --END-- [ RunTime:0.000644s ]
NOTIC: [8] A session had already been started - ignoring session_start() D:\phpStudy\WWW\new\new-cup\ThinkPHP\Common\functions.php 第 1263 行.
INFO: [ view_parse ] --START--
INFO: [ template_filter ] --START--
INFO: Run Behavior\ContentReplaceBehavior [ RunTime:0.000034s ]
INFO: [ template_filter ] --END-- [ RunTime:0.000076s ]
INFO: Run Behavior\ParseTemplateBehavior [ RunTime:0.009934s ]
INFO: [ view_parse ] --END-- [ RunTime:0.010448s ]
INFO: [ view_filter ] --START--
INFO: Run Behavior\WriteHtmlCacheBehavior [ RunTime:0.000505s ]
INFO: [ view_filter ] --END-- [ RunTime:0.000539s ]

[ 2018-08-24T12:09:56+08:00 ] 127.0.0.1 /index.php/Home/Login/login.html
INFO: [ app_init ] --START--
INFO: Run Behavior\BuildLiteBehavior [ RunTime:0.000024s ]
INFO: [ app_init ] --END-- [ RunTime:0.000153s ]
INFO: [ app_begin ] --START--
INFO: Run Behavior\ReadHtmlCacheBehavior [ RunTime:0.000104s ]
INFO: [ app_begin ] --END-- [ RunTime:0.000170s ]
NOTIC: [8] A session had already been started - ignoring session_start() D:\phpStudy\WWW\new\new-cup\ThinkPHP\Common\functions.php 第 1263 行.
INFO: [ view_parse ] --START--
INFO: [ template_filter ] --START--
INFO: Run Behavior\ContentReplaceBehavior [ RunTime:0.000066s ]
INFO: [ template_filter ] --END-- [ RunTime:0.000137s ]
INFO: Run Behavior\ParseTemplateBehavior [ RunTime:0.011136s ]
INFO: [ view_parse ] --END-- [ RunTime:0.011231s ]
INFO: [ view_filter ] --START--
INFO: Run Behavior\WriteHtmlCacheBehavior [ RunTime:0.000070s ]
INFO: [ view_filter ] --END-- [ RunTime:0.000095s ]
INFO: [ app_end ] --START--
INFO: Run Behavior\ShowPageTraceBehavior [ RunTime:0.000498s ]
INFO: [ app_end ] --END-- [ RunTime:0.000539s ]

[ 2018-08-24T12:10:05+08:00 ] 127.0.0.1 /index.php/Home/San/index?code=bd85863cfdac33beeccaeda10fbabc06
INFO: [ app_init ] --START--
INFO: Run Behavior\BuildLiteBehavior [ RunTime:0.000024s ]
INFO: [ app_init ] --END-- [ RunTime:0.000187s ]
INFO: [ app_begin ] --START--
INFO: Run Behavior\ReadHtmlCacheBehavior [ RunTime:0.000146s ]
INFO: [ app_begin ] --END-- [ RunTime:0.000221s ]
NOTIC: [8] A session had already been started - ignoring session_start() D:\phpStudy\WWW\new\new-cup\ThinkPHP\Common\functions.php 第 1263 行.
SQL: SHOW COLUMNS FROM `five_weibo` [ RunTime:0.0226s ]
SQL: SELECT * FROM `five_weibo` INNER JOIN five_user on five_weibo.user_id=five_user.user_id  WHERE ( uid='6650678985' ) LIMIT 1   [ RunTime:0.0040s ]
INFO: [ app_end ] --START--
INFO: Run Behavior\ShowPageTraceBehavior [ RunTime:0.000134s ]
INFO: [ app_end ] --END-- [ RunTime:0.000179s ]

[ 2018-08-24T12:10:05+08:00 ] 127.0.0.1 /index.php/Home/Index/index.html
INFO: [ app_init ] --START--
INFO: Run Behavior\BuildLiteBehavior [ RunTime:0.000016s ]
INFO: [ app_init ] --END-- [ RunTime:0.000104s ]
INFO: [ app_begin ] --START--
INFO: Run Behavior\ReadHtmlCacheBehavior [ RunTime:0.000091s ]
INFO: [ app_begin ] --END-- [ RunTime:0.000144s ]
NOTIC: [8] A session had already been started - ignoring session_start() D:\phpStudy\WWW\new\new-cup\ThinkPHP\Common\functions.php 第 1263 行.
SQL: SHOW COLUMNS FROM `five_goods` [ RunTime:0.0234s ]
SQL: SELECT five_goods.goods_id,`goods_name`,five_goods_detailed.goods_price,`goods_cover` FROM `five_goods` INNER JOIN five_goods_detailed on five_goods.goods_id = five_goods_detailed.goods_id  WHERE ( goods_status = '2' and is_hot = '1' )  [ RunTime:0.0027s ]
NOTIC: [8] Undefined variable: typedata D:\phpStudy\WWW\new\new-cup\Application\Home\Controller\IndexController.class.php 第 20 行.
INFO: [ view_parse ] --START--
INFO: [ template_filter ] --START--
INFO: Run Behavior\ContentReplaceBehavior [ RunTime:0.000066s ]
INFO: [ template_filter ] --END-- [ RunTime:0.000108s ]
INFO: Run Behavior\ParseTemplateBehavior [ RunTime:0.010891s ]
INFO: [ view_parse ] --END-- [ RunTime:0.011009s ]
INFO: [ view_filter ] --START--
INFO: Run Behavior\WriteHtmlCacheBehavior [ RunTime:0.000159s ]
INFO: [ view_filter ] --END-- [ RunTime:0.000199s ]
INFO: [ app_end ] --START--
INFO: Run Behavior\ShowPageTraceBehavior [ RunTime:0.000165s ]
INFO: [ app_end ] --END-- [ RunTime:0.000241s ]

[ 2018-08-24T12:10:07+08:00 ] 127.0.0.1 /index.php/Home/Goods/product.html
INFO: [ app_init ] --START--
INFO: Run Behavior\BuildLiteBehavior [ RunTime:0.000020s ]
INFO: [ app_init ] --END-- [ RunTime:0.000261s ]
INFO: [ app_begin ] --START--
INFO: Run Behavior\ReadHtmlCacheBehavior [ RunTime:0.000663s ]
INFO: [ app_begin ] --END-- [ RunTime:0.000723s ]
NOTIC: [8] A session had already been started - ignoring session_start() D:\phpStudy\WWW\new\new-cup\ThinkPHP\Common\functions.php 第 1263 行.
SQL: SHOW COLUMNS FROM `five_goods` [ RunTime:0.0171s ]
SQL: SELECT five_goods.goods_id,`goods_name`,five_goods_detailed.goods_price,`goods_cover` FROM `five_goods` INNER JOIN five_goods_detailed on five_goods.goods_id=five_goods_detailed.goods_id  WHERE ( goods_status = '2' )  [ RunTime:0.0015s ]
SQL: SHOW COLUMNS FROM `five_brand` [ RunTime:0.0185s ]
SQL: SELECT * FROM `five_brand`  [ RunTime:0.0019s ]
SQL: SHOW COLUMNS FROM `five_type` [ RunTime:0.0178s ]
SQL: SELECT * FROM `five_type`  [ RunTime:0.0012s ]
INFO: [ view_parse ] --START--
INFO: [ template_filter ] --START--
INFO: Run Behavior\ContentReplaceBehavior [ RunTime:0.000100s ]
INFO: [ template_filter ] --END-- [ RunTime:0.000139s ]
INFO: Run Behavior\ParseTemplateBehavior [ RunTime:0.015024s ]
INFO: [ view_parse ] --END-- [ RunTime:0.015080s ]
INFO: [ view_filter ] --START--
INFO: Run Behavior\WriteHtmlCacheBehavior [ RunTime:0.000672s ]
INFO: [ view_filter ] --END-- [ RunTime:0.000717s ]
INFO: [ app_end ] --START--
INFO: Run Behavior\ShowPageTraceBehavior [ RunTime:0.000938s ]
INFO: [ app_end ] --END-- [ RunTime:0.001031s ]

[ 2018-08-24T20:09:43+08:00 ] 127.0.0.1 /
INFO: [ app_init ] --START--
INFO: Run Behavior\BuildLiteBehavior [ RunTime:0.000033s ]
INFO: [ app_init ] --END-- [ RunTime:0.002262s ]
INFO: [ app_begin ] --START--
INFO: Run Behavior\ReadHtmlCacheBehavior [ RunTime:0.003232s ]
INFO: [ app_begin ] --END-- [ RunTime:0.003316s ]
NOTIC: [8] A session had already been started - ignoring session_start() D:\phpStudy\WWW\new\new-cup\ThinkPHP\Common\functions.php 第 1263 行.
SQL: SHOW COLUMNS FROM `five_goods` [ RunTime:0.0171s ]
SQL: SELECT five_goods.goods_id,`goods_name`,five_goods_detailed.goods_price,`goods_cover` FROM `five_goods` INNER JOIN five_goods_detailed on five_goods.goods_id = five_goods_detailed.goods_id  WHERE ( goods_status = '2' and is_hot = '1' )  [ RunTime:0.0041s ]
NOTIC: [8] Undefined variable: typedata D:\phpStudy\WWW\new\new-cup\Application\Home\Controller\IndexController.class.php 第 20 行.
INFO: [ view_parse ] --START--
INFO: [ template_filter ] --START--
INFO: Run Behavior\ContentReplaceBehavior [ RunTime:0.000258s ]
INFO: [ template_filter ] --END-- [ RunTime:0.000299s ]
INFO: Run Behavior\ParseTemplateBehavior [ RunTime:0.021078s ]
INFO: [ view_parse ] --END-- [ RunTime:0.021138s ]
INFO: [ view_filter ] --START--
INFO: Run Behavior\WriteHtmlCacheBehavior [ RunTime:0.001413s ]
INFO: [ view_filter ] --END-- [ RunTime:0.001459s ]
INFO: [ app_end ] --START--
INFO: Run Behavior\ShowPageTraceBehavior [ RunTime:0.004219s ]
INFO: [ app_end ] --END-- [ RunTime:0.004317s ]

[ 2018-08-24T20:09:49+08:00 ] 127.0.0.1 /
INFO: [ app_init ] --START--
INFO: Run Behavior\BuildLiteBehavior [ RunTime:0.000013s ]
INFO: [ app_init ] --END-- [ RunTime:0.000249s ]
INFO: [ app_begin ] --START--
INFO: Run Behavior\ReadHtmlCacheBehavior [ RunTime:0.000894s ]
INFO: [ app_begin ] --END-- [ RunTime:0.000956s ]
NOTIC: [8] A session had already been started - ignoring session_start() D:\phpStudy\WWW\new\new-cup\ThinkPHP\Common\functions.php 第 1263 行.
SQL: SHOW COLUMNS FROM `five_goods` [ RunTime:0.0147s ]
SQL: SELECT five_goods.goods_id,`goods_name`,five_goods_detailed.goods_price,`goods_cover` FROM `five_goods` INNER JOIN five_goods_detailed on five_goods.goods_id = five_goods_detailed.goods_id  WHERE ( goods_status = '2' and is_hot = '1' )  [ RunTime:0.0017s ]
NOTIC: [8] Undefined variable: typedata D:\phpStudy\WWW\new\new-cup\Application\Home\Controller\IndexController.class.php 第 20 行.
INFO: [ view_parse ] --START--
INFO: [ template_filter ] --START--
INFO: Run Behavior\ContentReplaceBehavior [ RunTime:0.000067s ]
INFO: [ template_filter ] --END-- [ RunTime:0.000108s ]
INFO: Run Behavior\ParseTemplateBehavior [ RunTime:0.009565s ]
INFO: [ view_parse ] --END-- [ RunTime:0.009635s ]
INFO: [ view_filter ] --START--
INFO: Run Behavior\WriteHtmlCacheBehavior [ RunTime:0.000641s ]
INFO: [ view_filter ] --END-- [ RunTime:0.000682s ]
INFO: [ app_end ] --START--
INFO: Run Behavior\ShowPageTraceBehavior [ RunTime:0.000705s ]
INFO: [ app_end ] --END-- [ RunTime:0.000773s ]

[ 2018-08-24T20:10:26+08:00 ] 127.0.0.1 /
INFO: [ app_init ] --START--
INFO: Run Behavior\BuildLiteBehavior [ RunTime:0.000014s ]
INFO: [ app_init ] --END-- [ RunTime:0.000251s ]
INFO: [ app_begin ] --START--
INFO: Run Behavior\ReadHtmlCacheBehavior [ RunTime:0.000546s ]
INFO: [ app_begin ] --END-- [ RunTime:0.000618s ]
NOTIC: [8] A session had already been started - ignoring session_start() D:\phpStudy\WWW\new\new-cup\ThinkPHP\Common\functions.php 第 1263 行.
SQL: SHOW COLUMNS FROM `five_goods` [ RunTime:0.0151s ]
SQL: SELECT five_goods.goods_id,`goods_name`,five_goods_detailed.goods_price,`goods_cover` FROM `five_goods` INNER JOIN five_goods_detailed on five_goods.goods_id = five_goods_detailed.goods_id  WHERE ( goods_status = '2' and is_hot = '1' )  [ RunTime:0.0020s ]
NOTIC: [8] Undefined variable: typedata D:\phpStudy\WWW\new\new-cup\Application\Home\Controller\IndexController.class.php 第 20 行.
INFO: [ view_parse ] --START--
INFO: [ template_filter ] --START--
INFO: Run Behavior\ContentReplaceBehavior [ RunTime:0.000099s ]
INFO: [ template_filter ] --END-- [ RunTime:0.000156s ]
INFO: Run Behavior\ParseTemplateBehavior [ RunTime:0.010666s ]
INFO: [ view_parse ] --END-- [ RunTime:0.010718s ]
INFO: [ view_filter ] --START--
INFO: Run Behavior\WriteHtmlCacheBehavior [ RunTime:0.000472s ]
INFO: [ view_filter ] --END-- [ RunTime:0.000505s ]
INFO: [ app_end ] --START--
INFO: Run Behavior\ShowPageTraceBehavior [ RunTime:0.000702s ]
INFO: [ app_end ] --END-- [ RunTime:0.000781s ]

[ 2018-08-24T20:10:33+08:00 ] 127.0.0.1 /
INFO: [ app_init ] --START--
INFO: Run Behavior\BuildLiteBehavior [ RunTime:0.000014s ]
INFO: [ app_init ] --END-- [ RunTime:0.000264s ]
INFO: [ app_begin ] --START--
INFO: Run Behavior\ReadHtmlCacheBehavior [ RunTime:0.000527s ]
INFO: [ app_begin ] --END-- [ RunTime:0.000567s ]
NOTIC: [8] A session had already been started - ignoring session_start() D:\phpStudy\WWW\new\new-cup\ThinkPHP\Common\functions.php 第 1263 行.
SQL: SHOW COLUMNS FROM `five_goods` [ RunTime:0.0348s ]
SQL: SELECT five_goods.goods_id,`goods_name`,five_goods_detailed.goods_price,`goods_cover` FROM `five_goods` INNER JOIN five_goods_detailed on five_goods.goods_id = five_goods_detailed.goods_id  WHERE ( goods_status = '2' and is_hot = '1' )  [ RunTime:0.0015s ]
NOTIC: [8] Undefined variable: typedata D:\phpStudy\WWW\new\new-cup\Application\Home\Controller\IndexController.class.php 第 20 行.
INFO: [ view_parse ] --START--
INFO: [ template_filter ] --START--
INFO: Run Behavior\ContentReplaceBehavior [ RunTime:0.000231s ]
INFO: [ template_filter ] --END-- [ RunTime:0.000390s ]
INFO: Run Behavior\ParseTemplateBehavior [ RunTime:0.028390s ]
INFO: [ view_parse ] --END-- [ RunTime:0.028470s ]
INFO: [ view_filter ] --START--
INFO: Run Behavior\WriteHtmlCacheBehavior [ RunTime:0.003809s ]
INFO: [ view_filter ] --END-- [ RunTime:0.003859s ]
INFO: [ app_end ] --START--
INFO: Run Behavior\ShowPageTraceBehavior [ RunTime:0.002094s ]
INFO: [ app_end ] --END-- [ RunTime:0.002226s ]

[ 2018-08-24T20:10:34+08:00 ] 127.0.0.1 /
INFO: [ app_init ] --START--
INFO: Run Behavior\BuildLiteBehavior [ RunTime:0.000011s ]
INFO: [ app_init ] --END-- [ RunTime:0.000064s ]
INFO: [ app_begin ] --START--
INFO: Run Behavior\ReadHtmlCacheBehavior [ RunTime:0.000055s ]
INFO: [ app_begin ] --END-- [ RunTime:0.000088s ]
NOTIC: [8] A session had already been started - ignoring session_start() D:\phpStudy\WWW\new\new-cup\ThinkPHP\Common\functions.php 第 1263 行.
SQL: SHOW COLUMNS FROM `five_goods` [ RunTime:0.0167s ]
SQL: SELECT five_goods.goods_id,`goods_name`,five_goods_detailed.goods_price,`goods_cover` FROM `five_goods` INNER JOIN five_goods_detailed on five_goods.goods_id = five_goods_detailed.goods_id  WHERE ( goods_status = '2' and is_hot = '1' )  [ RunTime:0.0019s ]
NOTIC: [8] Undefined variable: typedata D:\phpStudy\WWW\new\new-cup\Application\Home\Controller\IndexController.class.php 第 20 行.
INFO: [ view_parse ] --START--
INFO: [ template_filter ] --START--
INFO: Run Behavior\ContentReplaceBehavior [ RunTime:0.000064s ]
INFO: [ template_filter ] --END-- [ RunTime:0.000100s ]
INFO: Run Behavior\ParseTemplateBehavior [ RunTime:0.006695s ]
INFO: [ view_parse ] --END-- [ RunTime:0.006753s ]
INFO: [ view_filter ] --START--
INFO: Run Behavior\WriteHtmlCacheBehavior [ RunTime:0.000065s ]
INFO: [ view_filter ] --END-- [ RunTime:0.000091s ]
INFO: [ app_end ] --START--
INFO: Run Behavior\ShowPageTraceBehavior [ RunTime:0.000154s ]
INFO: [ app_end ] --END-- [ RunTime:0.000221s ]

[ 2018-08-24T20:10:36+08:00 ] 127.0.0.1 /
INFO: [ app_init ] --START--
INFO: Run Behavior\BuildLiteBehavior [ RunTime:0.000016s ]
INFO: [ app_init ] --END-- [ RunTime:0.000116s ]
INFO: [ app_begin ] --START--
INFO: Run Behavior\ReadHtmlCacheBehavior [ RunTime:0.000119s ]
INFO: [ app_begin ] --END-- [ RunTime:0.000181s ]
NOTIC: [8] A session had already been started - ignoring session_start() D:\phpStudy\WWW\new\new-cup\ThinkPHP\Common\functions.php 第 1263 行.
SQL: SHOW COLUMNS FROM `five_goods` [ RunTime:0.0194s ]
SQL: SELECT five_goods.goods_id,`goods_name`,five_goods_detailed.goods_price,`goods_cover` FROM `five_goods` INNER JOIN five_goods_detailed on five_goods.goods_id = five_goods_detailed.goods_id  WHERE ( goods_status = '2' and is_hot = '1' )  [ RunTime:0.0011s ]
NOTIC: [8] Undefined variable: typedata D:\phpStudy\WWW\new\new-cup\Application\Home\Controller\IndexController.class.php 第 20 行.
INFO: [ view_parse ] --START--
INFO: [ template_filter ] --START--
INFO: Run Behavior\ContentReplaceBehavior [ RunTime:0.000079s ]
INFO: [ template_filter ] --END-- [ RunTime:0.000123s ]
INFO: Run Behavior\ParseTemplateBehavior [ RunTime:0.007305s ]
INFO: [ view_parse ] --END-- [ RunTime:0.007354s ]
INFO: [ view_filter ] --START--
INFO: Run Behavior\WriteHtmlCacheBehavior [ RunTime:0.000080s ]
INFO: [ view_filter ] --END-- [ RunTime:0.000104s ]
INFO: [ app_end ] --START--
INFO: Run Behavior\ShowPageTraceBehavior [ RunTime:0.000169s ]
INFO: [ app_end ] --END-- [ RunTime:0.000240s ]

[ 2018-08-24T20:41:05+08:00 ] 127.0.0.1 /
INFO: [ app_init ] --START--
INFO: Run Behavior\BuildLiteBehavior [ RunTime:0.000018s ]
INFO: [ app_init ] --END-- [ RunTime:0.001899s ]
INFO: [ app_begin ] --START--
INFO: Run Behavior\ReadHtmlCacheBehavior [ RunTime:0.002040s ]
INFO: [ app_begin ] --END-- [ RunTime:0.002100s ]
NOTIC: [8] A session had already been started - ignoring session_start() D:\phpStudy\WWW\new\new-cup\ThinkPHP\Common\functions.php 第 1263 行.
SQL: SHOW COLUMNS FROM `five_goods` [ RunTime:0.0183s ]
SQL: SELECT five_goods.goods_id,`goods_name`,five_goods_detailed.goods_price,`goods_cover` FROM `five_goods` INNER JOIN five_goods_detailed on five_goods.goods_id = five_goods_detailed.goods_id  WHERE ( goods_status = '2' and is_hot = '1' )  [ RunTime:0.0041s ]
NOTIC: [8] Undefined variable: typedata D:\phpStudy\WWW\new\new-cup\Application\Home\Controller\IndexController.class.php 第 20 行.
INFO: [ view_parse ] --START--
INFO: [ template_filter ] --START--
INFO: Run Behavior\ContentReplaceBehavior [ RunTime:0.000507s ]
INFO: [ template_filter ] --END-- [ RunTime:0.000552s ]
INFO: Run Behavior\ParseTemplateBehavior [ RunTime:0.019967s ]
INFO: [ view_parse ] --END-- [ RunTime:0.020024s ]
INFO: [ view_filter ] --START--
INFO: Run Behavior\WriteHtmlCacheBehavior [ RunTime:0.001684s ]
INFO: [ view_filter ] --END-- [ RunTime:0.001727s ]
INFO: [ app_end ] --START--
INFO: Run Behavior\ShowPageTraceBehavior [ RunTime:0.003249s ]
INFO: [ app_end ] --END-- [ RunTime:0.003346s ]

[ 2018-08-24T20:41:05+08:00 ] 127.0.0.1 /
INFO: [ app_init ] --START--
INFO: Run Behavior\BuildLiteBehavior [ RunTime:0.000018s ]
INFO: [ app_init ] --END-- [ RunTime:0.000131s ]
INFO: [ app_begin ] --START--
INFO: Run Behavior\ReadHtmlCacheBehavior [ RunTime:0.002623s ]
INFO: [ app_begin ] --END-- [ RunTime:0.002699s ]
NOTIC: [8] A session had already been started - ignoring session_start() D:\phpStudy\WWW\new\new-cup\ThinkPHP\Common\functions.php 第 1263 行.
SQL: SHOW COLUMNS FROM `five_goods` [ RunTime:0.0251s ]
SQL: SELECT five_goods.goods_id,`goods_name`,five_goods_detailed.goods_price,`goods_cover` FROM `five_goods` INNER JOIN five_goods_detailed on five_goods.goods_id = five_goods_detailed.goods_id  WHERE ( goods_status = '2' and is_hot = '1' )  [ RunTime:0.0025s ]
NOTIC: [8] Undefined variable: typedata D:\phpStudy\WWW\new\new-cup\Application\Home\Controller\IndexController.class.php 第 20 行.
INFO: [ view_parse ] --START--
INFO: [ template_filter ] --START--
INFO: Run Behavior\ContentReplaceBehavior [ RunTime:0.000107s ]
INFO: [ template_filter ] --END-- [ RunTime:0.000175s ]
INFO: Run Behavior\ParseTemplateBehavior [ RunTime:0.016832s ]
INFO: [ view_parse ] --END-- [ RunTime:0.016918s ]
INFO: [ view_filter ] --START--
INFO: Run Behavior\WriteHtmlCacheBehavior [ RunTime:0.000919s ]
INFO: [ view_filter ] --END-- [ RunTime:0.000983s ]
INFO: [ app_end ] --START--
INFO: Run Behavior\ShowPageTraceBehavior [ RunTime:0.001273s ]
INFO: [ app_end ] --END-- [ RunTime:0.001369s ]

[ 2018-08-24T20:41:17+08:00 ] 127.0.0.1 /index.php/Home/San/index?code=bd3d90b5242ee9ee4d3816c186ca923f
INFO: [ app_init ] --START--
INFO: Run Behavior\BuildLiteBehavior [ RunTime:0.000022s ]
INFO: [ app_init ] --END-- [ RunTime:0.000463s ]
INFO: [ app_begin ] --START--
INFO: Run Behavior\ReadHtmlCacheBehavior [ RunTime:0.000107s ]
INFO: [ app_begin ] --END-- [ RunTime:0.000167s ]
NOTIC: [8] A session had already been started - ignoring session_start() D:\phpStudy\WWW\new\new-cup\ThinkPHP\Common\functions.php 第 1263 行.
SQL: SHOW COLUMNS FROM `five_weibo` [ RunTime:0.0375s ]
SQL: SELECT * FROM `five_weibo` INNER JOIN five_user on five_weibo.user_id=five_user.user_id  WHERE ( uid='6650678985' ) LIMIT 1   [ RunTime:0.0034s ]
INFO: [ app_end ] --START--
INFO: Run Behavior\ShowPageTraceBehavior [ RunTime:0.000135s ]
INFO: [ app_end ] --END-- [ RunTime:0.000173s ]

[ 2018-08-24T20:41:17+08:00 ] 127.0.0.1 /index.php/Home/Index/index.html
INFO: [ app_init ] --START--
INFO: Run Behavior\BuildLiteBehavior [ RunTime:0.000018s ]
INFO: [ app_init ] --END-- [ RunTime:0.000111s ]
INFO: [ app_begin ] --START--
INFO: Run Behavior\ReadHtmlCacheBehavior [ RunTime:0.000076s ]
INFO: [ app_begin ] --END-- [ RunTime:0.000126s ]
NOTIC: [8] A session had already been started - ignoring session_start() D:\phpStudy\WWW\new\new-cup\ThinkPHP\Common\functions.php 第 1263 行.
SQL: SHOW COLUMNS FROM `five_goods` [ RunTime:0.0140s ]
SQL: SELECT five_goods.goods_id,`goods_name`,five_goods_detailed.goods_price,`goods_cover` FROM `five_goods` INNER JOIN five_goods_detailed on five_goods.goods_id = five_goods_detailed.goods_id  WHERE ( goods_status = '2' and is_hot = '1' )  [ RunTime:0.0018s ]
NOTIC: [8] Undefined variable: typedata D:\phpStudy\WWW\new\new-cup\Application\Home\Controller\IndexController.class.php 第 20 行.
INFO: [ view_parse ] --START--
INFO: [ template_filter ] --START--
INFO: Run Behavior\ContentReplaceBehavior [ RunTime:0.000074s ]
INFO: [ template_filter ] --END-- [ RunTime:0.000112s ]
INFO: Run Behavior\ParseTemplateBehavior [ RunTime:0.007226s ]
INFO: [ view_parse ] --END-- [ RunTime:0.007291s ]
INFO: [ view_filter ] --START--
INFO: Run Behavior\WriteHtmlCacheBehavior [ RunTime:0.000124s ]
INFO: [ view_filter ] --END-- [ RunTime:0.000152s ]
INFO: [ app_end ] --START--
INFO: Run Behavior\ShowPageTraceBehavior [ RunTime:0.000137s ]
INFO: [ app_end ] --END-- [ RunTime:0.000212s ]

[ 2018-08-24T21:03:15+08:00 ] 127.0.0.1 /index.php/Home/Goods/buy.html?id=19
INFO: [ app_init ] --START--
INFO: Run Behavior\BuildLiteBehavior [ RunTime:0.000010s ]
INFO: [ app_init ] --END-- [ RunTime:0.000319s ]
INFO: [ app_begin ] --START--
INFO: Run Behavior\ReadHtmlCacheBehavior [ RunTime:0.000440s ]
INFO: [ app_begin ] --END-- [ RunTime:0.000515s ]
NOTIC: [8] A session had already been started - ignoring session_start() F:\MyProject\new-cup\ThinkPHP\Common\functions.php 第 1263 行.
SQL: SHOW COLUMNS FROM `five_goods` [ RunTime:0.0643s ]
SQL: SELECT five_goods.goods_id,`goods_name`,five_goods_detailed.goods_stock,`goods_original`,`goods_price`,`goods_cover`,`goods_content`,`goods_sale`,five_brand.brand_name,`brand_logo`,`brand_url` FROM `five_goods` INNER JOIN five_brand on five_goods.brand_id=five_brand.brand_id INNER JOIN five_goods_detailed on five_goods.goods_id=five_goods_detailed.goods_id  WHERE ( five_goods_detailed.goods_status = '2' and five_goods.goods_id = 19 ) LIMIT 1   [ RunTime:0.0525s ]
SQL: SHOW COLUMNS FROM `five_goods_img` [ RunTime:0.0376s ]
SQL: SELECT * FROM `five_goods_img` WHERE ( goods_id = '19' )  [ RunTime:0.0003s ]
INFO: [ view_parse ] --START--
INFO: [ template_filter ] --START--
INFO: Run Behavior\ContentReplaceBehavior [ RunTime:0.000093s ]
INFO: [ template_filter ] --END-- [ RunTime:0.000133s ]
INFO: Run Behavior\ParseTemplateBehavior [ RunTime:0.015333s ]
INFO: [ view_parse ] --END-- [ RunTime:0.015387s ]
INFO: [ view_filter ] --START--
INFO: Run Behavior\WriteHtmlCacheBehavior [ RunTime:0.000237s ]
INFO: [ view_filter ] --END-- [ RunTime:0.000263s ]
INFO: [ app_end ] --START--
INFO: Run Behavior\ShowPageTraceBehavior [ RunTime:0.000472s ]
INFO: [ app_end ] --END-- [ RunTime:0.000503s ]

[ 2018-08-24T21:03:16+08:00 ] 127.0.0.1 /index.php/Home/Goods/buy.html?id=19
INFO: [ app_init ] --START--
INFO: Run Behavior\BuildLiteBehavior [ RunTime:0.000009s ]
INFO: [ app_init ] --END-- [ RunTime:0.000264s ]
INFO: [ app_begin ] --START--
INFO: Run Behavior\ReadHtmlCacheBehavior [ RunTime:0.000318s ]
INFO: [ app_begin ] --END-- [ RunTime:0.000356s ]
NOTIC: [8] A session had already been started - ignoring session_start() F:\MyProject\new-cup\ThinkPHP\Common\functions.php 第 1263 行.
SQL: SHOW COLUMNS FROM `five_goods` [ RunTime:0.0039s ]
SQL: SELECT five_goods.goods_id,`goods_name`,five_goods_detailed.goods_stock,`goods_original`,`goods_price`,`goods_cover`,`goods_content`,`goods_sale`,five_brand.brand_name,`brand_logo`,`brand_url` FROM `five_goods` INNER JOIN five_brand on five_goods.brand_id=five_brand.brand_id INNER JOIN five_goods_detailed on five_goods.goods_id=five_goods_detailed.goods_id  WHERE ( five_goods_detailed.goods_status = '2' and five_goods.goods_id = 19 ) LIMIT 1   [ RunTime:0.0004s ]
SQL: SHOW COLUMNS FROM `five_goods_img` [ RunTime:0.0039s ]
SQL: SELECT * FROM `five_goods_img` WHERE ( goods_id = '19' )  [ RunTime:0.0004s ]
INFO: [ view_parse ] --START--
INFO: [ template_filter ] --START--
INFO: Run Behavior\ContentReplaceBehavior [ RunTime:0.000085s ]
INFO: [ template_filter ] --END-- [ RunTime:0.000121s ]
INFO: Run Behavior\ParseTemplateBehavior [ RunTime:0.006715s ]
INFO: [ view_parse ] --END-- [ RunTime:0.006748s ]
INFO: [ view_filter ] --START--
INFO: Run Behavior\WriteHtmlCacheBehavior [ RunTime:0.000181s ]
INFO: [ view_filter ] --END-- [ RunTime:0.000205s ]
INFO: [ app_end ] --START--
INFO: Run Behavior\ShowPageTraceBehavior [ RunTime:0.000331s ]
INFO: [ app_end ] --END-- [ RunTime:0.000360s ]

[ 2018-08-24T21:03:17+08:00 ] 127.0.0.1 /index.php/Home/Goods/buy.html?id=19
INFO: [ app_init ] --START--
INFO: Run Behavior\BuildLiteBehavior [ RunTime:0.000010s ]
INFO: [ app_init ] --END-- [ RunTime:0.000387s ]
INFO: [ app_begin ] --START--
INFO: Run Behavior\ReadHtmlCacheBehavior [ RunTime:0.000320s ]
INFO: [ app_begin ] --END-- [ RunTime:0.000378s ]
NOTIC: [8] A session had already been started - ignoring session_start() F:\MyProject\new-cup\ThinkPHP\Common\functions.php 第 1263 行.
SQL: SHOW COLUMNS FROM `five_goods` [ RunTime:0.0035s ]
SQL: SELECT five_goods.goods_id,`goods_name`,five_goods_detailed.goods_stock,`goods_original`,`goods_price`,`goods_cover`,`goods_content`,`goods_sale`,five_brand.brand_name,`brand_logo`,`brand_url` FROM `five_goods` INNER JOIN five_brand on five_goods.brand_id=five_brand.brand_id INNER JOIN five_goods_detailed on five_goods.goods_id=five_goods_detailed.goods_id  WHERE ( five_goods_detailed.goods_status = '2' and five_goods.goods_id = 19 ) LIMIT 1   [ RunTime:0.0004s ]
SQL: SHOW COLUMNS FROM `five_goods_img` [ RunTime:0.0031s ]
SQL: SELECT * FROM `five_goods_img` WHERE ( goods_id = '19' )  [ RunTime:0.0003s ]
INFO: [ view_parse ] --START--
INFO: [ template_filter ] --START--
INFO: Run Behavior\ContentReplaceBehavior [ RunTime:0.000191s ]
INFO: [ template_filter ] --END-- [ RunTime:0.000252s ]
INFO: Run Behavior\ParseTemplateBehavior [ RunTime:0.015692s ]
INFO: [ view_parse ] --END-- [ RunTime:0.015729s ]
INFO: [ view_filter ] --START--
INFO: Run Behavior\WriteHtmlCacheBehavior [ RunTime:0.000179s ]
INFO: [ view_filter ] --END-- [ RunTime:0.000256s ]
INFO: [ app_end ] --START--
INFO: Run Behavior\ShowPageTraceBehavior [ RunTime:0.000435s ]
INFO: [ app_end ] --END-- [ RunTime:0.000496s ]

[ 2018-08-24T21:03:20+08:00 ] 127.0.0.1 /index.php/Home/Goods/product.html
INFO: [ app_init ] --START--
INFO: Run Behavior\BuildLiteBehavior [ RunTime:0.000026s ]
INFO: [ app_init ] --END-- [ RunTime:0.000552s ]
INFO: [ app_begin ] --START--
INFO: Run Behavior\ReadHtmlCacheBehavior [ RunTime:0.000374s ]
INFO: [ app_begin ] --END-- [ RunTime:0.000413s ]
NOTIC: [8] A session had already been started - ignoring session_start() F:\MyProject\new-cup\ThinkPHP\Common\functions.php 第 1263 行.
SQL: SHOW COLUMNS FROM `five_goods` [ RunTime:0.0084s ]
SQL: SELECT five_goods.goods_id,`goods_name`,five_goods_detailed.goods_price,`goods_cover` FROM `five_goods` INNER JOIN five_goods_detailed on five_goods.goods_id=five_goods_detailed.goods_id  WHERE ( goods_status = '2' )  [ RunTime:0.0003s ]
SQL: SHOW COLUMNS FROM `five_brand` [ RunTime:0.0042s ]
SQL: SELECT * FROM `five_brand`  [ RunTime:0.0006s ]
SQL: SHOW COLUMNS FROM `five_type` [ RunTime:0.0774s ]
SQL: SELECT * FROM `five_type`  [ RunTime:0.0003s ]
INFO: [ view_parse ] --START--
INFO: [ template_filter ] --START--
INFO: Run Behavior\ContentReplaceBehavior [ RunTime:0.000093s ]
INFO: [ template_filter ] --END-- [ RunTime:0.000133s ]
INFO: Run Behavior\ParseTemplateBehavior [ RunTime:0.009068s ]
INFO: [ view_parse ] --END-- [ RunTime:0.009119s ]
INFO: [ view_filter ] --START--
INFO: Run Behavior\WriteHtmlCacheBehavior [ RunTime:0.000179s ]
INFO: [ view_filter ] --END-- [ RunTime:0.000203s ]
INFO: [ app_end ] --START--
INFO: Run Behavior\ShowPageTraceBehavior [ RunTime:0.000599s ]
INFO: [ app_end ] --END-- [ RunTime:0.000666s ]

