[ 2018-08-13T16:13:14+08:00 ] 127.0.0.1 /new-cup/
INFO: [ app_init ] --START--
INFO: Run Behavior\BuildLiteBehavior [ RunTime:0.000015s ]
INFO: [ app_init ] --END-- [ RunTime:0.001294s ]
INFO: [ app_begin ] --START--
INFO: Run Behavior\ReadHtmlCacheBehavior [ RunTime:0.001350s ]
INFO: [ app_begin ] --END-- [ RunTime:0.001412s ]
INFO: [ view_parse ] --START--
INFO: [ template_filter ] --START--
INFO: Run Behavior\ContentReplaceBehavior [ RunTime:0.000094s ]
INFO: [ template_filter ] --END-- [ RunTime:0.000175s ]
INFO: Run Behavior\ParseTemplateBehavior [ RunTime:0.045213s ]
INFO: [ view_parse ] --END-- [ RunTime:0.045277s ]
INFO: [ view_filter ] --START--
INFO: Run Behavior\WriteHtmlCacheBehavior [ RunTime:0.001264s ]
INFO: [ view_filter ] --END-- [ RunTime:0.001309s ]
INFO: [ app_end ] --START--
INFO: Run Behavior\ShowPageTraceBehavior [ RunTime:0.001433s ]
INFO: [ app_end ] --END-- [ RunTime:0.001477s ]

[ 2018-08-13T16:13:30+08:00 ] 127.0.0.1 /new-cup/index.php/Home/Index/product.html
INFO: [ app_init ] --START--
INFO: Run Behavior\BuildLiteBehavior [ RunTime:0.000015s ]
INFO: [ app_init ] --END-- [ RunTime:0.001207s ]
INFO: [ app_begin ] --START--
INFO: Run Behavior\ReadHtmlCacheBehavior [ RunTime:0.001347s ]
INFO: [ app_begin ] --END-- [ RunTime:0.001409s ]
SQL: SHOW COLUMNS FROM `five_goods` [ RunTime:0.0149s ]
SQL: SELECT * FROM `five_goods` INNER JOIN five_brand on five_goods.brand_id=five_brand.brand_id INNER JOIN five_type on five_goods.type_id=five_type.type_id INNER JOIN five_goods_detailed on five_goods.goods_id=five_goods_detailed.goods_id   [ RunTime:0.0083s ]
SQL: SHOW COLUMNS FROM `five_search` [ RunTime:0.0130s ]
SQL: SELECT * FROM `five_search` ORDER BY search_num desc LIMIT 5   [ RunTime:0.0006s ]

[ 2018-08-13T16:13:30+08:00 ] 127.0.0.1 /new-cup/index.php/Home/Index/index.html
INFO: [ app_init ] --START--
INFO: Run Behavior\BuildLiteBehavior [ RunTime:0.000015s ]
INFO: [ app_init ] --END-- [ RunTime:0.001339s ]
INFO: [ app_begin ] --START--
INFO: Run Behavior\ReadHtmlCacheBehavior [ RunTime:0.001388s ]
INFO: [ app_begin ] --END-- [ RunTime:0.001454s ]

[ 2018-08-13T16:13:30+08:00 ] 127.0.0.1 /new-cup/index.php/Home/Index/index.html
INFO: [ app_init ] --START--
INFO: Run Behavior\BuildLiteBehavior [ RunTime:0.000016s ]
INFO: [ app_init ] --END-- [ RunTime:0.001414s ]
INFO: [ app_begin ] --START--
INFO: Run Behavior\ReadHtmlCacheBehavior [ RunTime:0.002146s ]
INFO: [ app_begin ] --END-- [ RunTime:0.002247s ]

[ 2018-08-13T16:13:30+08:00 ] 127.0.0.1 /new-cup/index.php/Home/Index/index.html
INFO: [ app_init ] --START--
INFO: Run Behavior\BuildLiteBehavior [ RunTime:0.000018s ]
INFO: [ app_init ] --END-- [ RunTime:0.001655s ]
INFO: [ app_begin ] --START--
INFO: Run Behavior\ReadHtmlCacheBehavior [ RunTime:0.001296s ]
INFO: [ app_begin ] --END-- [ RunTime:0.001362s ]

[ 2018-08-13T16:13:30+08:00 ] 127.0.0.1 /new-cup/index.php/Home/Index/index.html
INFO: [ app_init ] --START--
INFO: Run Behavior\BuildLiteBehavior [ RunTime:0.000019s ]
INFO: [ app_init ] --END-- [ RunTime:0.001972s ]
INFO: [ app_begin ] --START--
INFO: Run Behavior\ReadHtmlCacheBehavior [ RunTime:0.001785s ]
INFO: [ app_begin ] --END-- [ RunTime:0.001873s ]

[ 2018-08-13T16:13:30+08:00 ] 127.0.0.1 /new-cup/index.php/Home/Index/index.html
INFO: [ app_init ] --START--
INFO: Run Behavior\BuildLiteBehavior [ RunTime:0.000024s ]
INFO: [ app_init ] --END-- [ RunTime:0.001821s ]
INFO: [ app_begin ] --START--
INFO: Run Behavior\ReadHtmlCacheBehavior [ RunTime:0.001940s ]
INFO: [ app_begin ] --END-- [ RunTime:0.002037s ]

[ 2018-08-13T16:13:30+08:00 ] 127.0.0.1 /new-cup/index.php/Home/Index/product.html
INFO: [ app_init ] --START--
INFO: Run Behavior\BuildLiteBehavior [ RunTime:0.000065s ]
INFO: [ app_init ] --END-- [ RunTime:0.005592s ]
INFO: [ app_begin ] --START--
INFO: Run Behavior\ReadHtmlCacheBehavior [ RunTime:0.004539s ]
INFO: [ app_begin ] --END-- [ RunTime:0.004665s ]

[ 2018-08-13T16:13:30+08:00 ] 127.0.0.1 /new-cup/
INFO: [ app_init ] --START--
INFO: Run Behavior\BuildLiteBehavior [ RunTime:0.000016s ]
INFO: [ app_init ] --END-- [ RunTime:0.001251s ]
INFO: [ app_begin ] --START--
INFO: Run Behavior\ReadHtmlCacheBehavior [ RunTime:0.001550s ]
INFO: [ app_begin ] --END-- [ RunTime:0.001616s ]

[ 2018-08-13T16:13:31+08:00 ] 127.0.0.1 /new-cup/index.php/Home/Index/product.html
INFO: [ app_init ] --START--
INFO: Run Behavior\BuildLiteBehavior [ RunTime:0.000017s ]
INFO: [ app_init ] --END-- [ RunTime:0.001659s ]
INFO: [ app_begin ] --START--
INFO: Run Behavior\ReadHtmlCacheBehavior [ RunTime:0.001598s ]
INFO: [ app_begin ] --END-- [ RunTime:0.001664s ]

[ 2018-08-13T16:13:31+08:00 ] 127.0.0.1 /new-cup/
INFO: [ app_init ] --START--
INFO: Run Behavior\BuildLiteBehavior [ RunTime:0.000015s ]
INFO: [ app_init ] --END-- [ RunTime:0.001299s ]
INFO: [ app_begin ] --START--
INFO: Run Behavior\ReadHtmlCacheBehavior [ RunTime:0.001485s ]
INFO: [ app_begin ] --END-- [ RunTime:0.001568s ]

[ 2018-08-13T16:13:31+08:00 ] 127.0.0.1 /new-cup/
INFO: [ app_init ] --START--
INFO: Run Behavior\BuildLiteBehavior [ RunTime:0.000020s ]
INFO: [ app_init ] --END-- [ RunTime:0.001930s ]
INFO: [ app_begin ] --START--
INFO: Run Behavior\ReadHtmlCacheBehavior [ RunTime:0.001459s ]
INFO: [ app_begin ] --END-- [ RunTime:0.001520s ]

[ 2018-08-13T16:13:31+08:00 ] 127.0.0.1 /new-cup/index.php/Home/Index/product.html
INFO: [ app_init ] --START--
INFO: Run Behavior\BuildLiteBehavior [ RunTime:0.000048s ]
INFO: [ app_init ] --END-- [ RunTime:0.004186s ]
INFO: [ app_begin ] --START--
INFO: Run Behavior\ReadHtmlCacheBehavior [ RunTime:0.002636s ]
INFO: [ app_begin ] --END-- [ RunTime:0.002717s ]

[ 2018-08-13T16:13:31+08:00 ] 127.0.0.1 /new-cup/index.php/Home/Index/message.html
INFO: [ app_init ] --START--
INFO: Run Behavior\BuildLiteBehavior [ RunTime:0.000014s ]
INFO: [ app_init ] --END-- [ RunTime:0.001276s ]
INFO: [ app_begin ] --START--
INFO: Run Behavior\ReadHtmlCacheBehavior [ RunTime:0.001441s ]
INFO: [ app_begin ] --END-- [ RunTime:0.001510s ]

[ 2018-08-13T16:13:31+08:00 ] 127.0.0.1 /new-cup/index.php/Home/Index/message.html
INFO: [ app_init ] --START--
INFO: Run Behavior\BuildLiteBehavior [ RunTime:0.000053s ]
INFO: [ app_init ] --END-- [ RunTime:0.003842s ]
INFO: [ app_begin ] --START--
INFO: Run Behavior\ReadHtmlCacheBehavior [ RunTime:0.001604s ]
INFO: [ app_begin ] --END-- [ RunTime:0.001674s ]

[ 2018-08-13T16:13:49+08:00 ] 127.0.0.1 /new-cup/index.php/Home/Index/product.html
INFO: [ app_init ] --START--
INFO: Run Behavior\BuildLiteBehavior [ RunTime:0.000015s ]
INFO: [ app_init ] --END-- [ RunTime:0.001026s ]
INFO: [ app_begin ] --START--
INFO: Run Behavior\ReadHtmlCacheBehavior [ RunTime:0.001327s ]
INFO: [ app_begin ] --END-- [ RunTime:0.001407s ]
SQL: SHOW COLUMNS FROM `five_goods` [ RunTime:0.0132s ]
SQL: SELECT * FROM `five_goods` INNER JOIN five_brand on five_goods.brand_id=five_brand.brand_id INNER JOIN five_type on five_goods.type_id=five_type.type_id INNER JOIN five_goods_detailed on five_goods.goods_id=five_goods_detailed.goods_id   [ RunTime:0.0011s ]
SQL: SHOW COLUMNS FROM `five_search` [ RunTime:0.0122s ]
SQL: SELECT * FROM `five_search` ORDER BY search_num desc LIMIT 5   [ RunTime:0.0005s ]

[ 2018-08-13T16:15:49+08:00 ] 127.0.0.1 /new-cup/index.php/Home/Index/product.html
INFO: [ app_init ] --START--
INFO: Run Behavior\BuildLiteBehavior [ RunTime:0.000014s ]
INFO: [ app_init ] --END-- [ RunTime:0.001133s ]
INFO: [ app_begin ] --START--
INFO: Run Behavior\ReadHtmlCacheBehavior [ RunTime:0.001376s ]
INFO: [ app_begin ] --END-- [ RunTime:0.001439s ]
SQL: SHOW COLUMNS FROM `five_goods` [ RunTime:0.0117s ]
SQL: SELECT * FROM `five_goods` INNER JOIN five_brand on five_goods.brand_id=five_brand.brand_id INNER JOIN five_type on five_goods.type_id=five_type.type_id INNER JOIN five_goods_detailed on five_goods.goods_id=five_goods_detailed.goods_id   [ RunTime:0.0012s ]
SQL: SHOW COLUMNS FROM `five_search` [ RunTime:0.0116s ]
SQL: SELECT * FROM `five_search` ORDER BY search_num desc LIMIT 5   [ RunTime:0.0005s ]
NOTIC: [2] fopen(http://www.cup1.com/Public/Uploads/2018-08-02/5b62f7487e099.jpg): failed to open stream: Redirection limit reached, aborting D:\phpStudy\PHPTutorial\WWW\new-cup\Application\Home\Controller\IndexController.class.php 第 223 行.

[ 2018-08-13T16:15:49+08:00 ] 127.0.0.1 /new-cup/
INFO: [ app_init ] --START--
INFO: Run Behavior\BuildLiteBehavior [ RunTime:0.000017s ]
INFO: [ app_init ] --END-- [ RunTime:0.002541s ]
INFO: [ app_begin ] --START--
INFO: Run Behavior\ReadHtmlCacheBehavior [ RunTime:0.001645s ]
INFO: [ app_begin ] --END-- [ RunTime:0.001709s ]

